\BOOKMARK [0][-]{section*.1}{\376\377\144\130\211\201}{}% 1
\BOOKMARK [0][-]{section*.3}{\376\377\000\101\000\102\000\123\000\124\000\122\000\101\000\103\000\124}{}% 2
\BOOKMARK [0][-]{section*.5}{\376\377\143\322\126\376\175\042\137\025}{}% 3
\BOOKMARK [0][-]{section*.7}{\376\377\210\150\150\074\175\042\137\025}{}% 4
\BOOKMARK [0][-]{section*.9}{\376\377\173\046\123\367\133\371\161\147\210\150}{}% 5
\BOOKMARK [0][-]{section*.11}{\376\377\177\051\165\145\213\355\133\371\161\147\210\150}{}% 6
\BOOKMARK [0][-]{chapter.1}{\376\377\173\054\116\000\172\340\000\040\000\040\176\352\213\272}{}% 7
\BOOKMARK [1][-]{section.1.1}{\376\377\000\061\000\056\000\061\213\376\230\230\200\314\146\157}{chapter.1}% 8
\BOOKMARK [1][-]{section.1.2}{\376\377\000\061\000\056\000\062\126\375\121\205\131\026\170\024\172\166\163\260\162\266}{chapter.1}% 9
\BOOKMARK [1][-]{section.1.3}{\376\377\000\061\000\056\000\063\147\054\145\207\166\204\116\073\211\201\135\345\117\134\123\312\121\205\133\271\133\211\143\222}{chapter.1}% 10
\BOOKMARK [0][-]{chapter.2}{\376\377\173\054\116\214\172\340\000\040\000\040\123\213\177\051\141\037\167\345\164\006\213\272}{}% 11
\BOOKMARK [1][-]{section.2.1}{\376\377\000\062\000\056\000\061\153\040\133\232\176\277\140\047\174\373\176\337\123\312\172\000\165\217\211\343}{chapter.2}% 12
\BOOKMARK [2][-]{subsection.2.1.1}{\376\377\000\062\000\056\000\061\000\056\000\061\153\040\133\232\176\277\140\047\174\373\176\337}{section.2.1}% 13
\BOOKMARK [2][-]{subsection.2.1.2}{\376\377\000\062\000\056\000\061\000\056\000\062\153\143\122\031\123\026}{section.2.1}% 14
\BOOKMARK [2][-]{subsection.2.1.3}{\376\377\000\062\000\056\000\061\000\056\000\063\172\000\165\217\211\343}{section.2.1}% 15
\BOOKMARK [1][-]{section.2.2}{\376\377\000\062\000\056\000\062\123\213\177\051\141\037\167\345\164\006\213\272}{chapter.2}% 16
\BOOKMARK [1][-]{section.2.3}{\376\377\000\062\000\056\000\063\172\000\165\217\211\343\166\204\125\057\116\000\140\047}{chapter.2}% 17
\BOOKMARK [2][-]{subsection.2.3.1}{\376\377\000\062\000\056\000\063\000\056\000\061\176\246\147\137\173\111\215\335\147\141\116\366\377\010\000\122\000\111\000\120\377\011}{section.2.3}% 18
\BOOKMARK [2][-]{subsection.2.3.2}{\376\377\000\062\000\056\000\063\000\056\000\062\167\351\226\065\166\370\121\163\174\373\145\160}{section.2.3}% 19
\BOOKMARK [0][-]{chapter.3}{\376\377\173\054\116\011\172\340\000\040\000\040\127\372\116\216\123\213\177\051\141\037\167\345\166\204\123\314\220\011\117\341\220\123\117\341\220\123\117\060\213\241}{}% 20
\BOOKMARK [1][-]{section.3.1}{\376\377\000\063\000\056\000\061\176\277\140\047\145\366\123\330\174\373\176\337}{chapter.3}% 21
\BOOKMARK [1][-]{section.3.2}{\376\377\000\063\000\056\000\062\131\032\217\175\154\342\174\373\176\337}{chapter.3}% 22
\BOOKMARK [1][-]{section.3.3}{\376\377\000\063\000\056\000\063\117\177\165\050\123\213\177\051\141\037\167\345\217\333\210\114\117\341\220\123\117\060\213\241}{chapter.3}% 23
\BOOKMARK [0][-]{chapter.4}{\376\377\173\054\126\333\172\340\000\040\000\040\145\071\125\204\123\213\177\051\141\037\167\345\117\341\220\123\117\060\213\241\166\204\145\271\154\325}{}% 24
\BOOKMARK [1][-]{section.4.1}{\376\377\000\064\000\056\000\061\217\307\221\307\150\067\142\200\147\057}{chapter.4}% 25
\BOOKMARK [1][-]{section.4.2}{\376\377\000\064\000\056\000\062\145\071\217\333\133\374\230\221\213\276\213\241}{chapter.4}% 26
\BOOKMARK [1][-]{section.4.3}{\376\377\000\064\000\056\000\063\145\071\125\204\127\372}{chapter.4}% 27
\BOOKMARK [0][-]{chapter.5}{\376\377\173\054\116\224\172\340\000\040\000\040\226\115\117\116\123\213\177\051\141\037\167\345\117\341\220\123\117\060\213\241\166\204\131\015\147\102\136\246}{}% 28
\BOOKMARK [1][-]{section.5.1}{\376\377\000\065\000\056\000\061\145\057\144\221\226\306\166\204\172\000\165\217\136\246}{chapter.5}% 29
\BOOKMARK [1][-]{section.5.2}{\376\377\000\065\000\056\000\062\145\071\217\333\166\204\000\117\000\115\000\120\173\227\154\325}{chapter.5}% 30
\BOOKMARK [0][-]{chapter.6}{\376\377\173\054\121\155\172\340\000\040\000\040\140\073\176\323\116\016\134\125\147\033}{}% 31
\BOOKMARK [1][-]{section.6.1}{\376\377\000\066\000\056\000\061\170\024\172\166\140\073\176\323}{chapter.6}% 32
\BOOKMARK [1][-]{section.6.2}{\376\377\000\066\000\056\000\062\170\024\172\166\134\125\147\033}{chapter.6}% 33
\BOOKMARK [0][-]{section*.14}{\376\377\201\364\214\042}{}% 34
\BOOKMARK [0][-]{section*.16}{\376\377\117\134\200\005\173\200\116\313}{}% 35
